<?xml version="1.0" encoding="UTF-8"?>
<testsuite name="registration-login"
           tests="10"
           failures="1"
           errors="0"
           skipped="9"
           time="5.963">
    <properties></properties>

            <testcase
                name="SetUp"
                time="5.963"
                classname="org.example.automationpractise.testcases.Product_Details_TestCases">

            <failure type="org.openqa.selenium.NoSuchWindowException" message="Browsing context has been discarded
Build info: version: &apos;4.0.0&apos;, revision: &apos;3a21814679&apos;
System info: host: &apos;NIDHISHAH&apos;, ip: &apos;10.0.0.153&apos;, os.name: &apos;Windows 11&apos;, os.arch: &apos;amd64&apos;, os.version: &apos;10.0&apos;, java.version: &apos;1.8.0_321&apos;
Driver info: org.openqa.selenium.firefox.FirefoxDriver
Command: [164789a1-b0a2-402c-b678-e1756da3b78f, maximizeCurrentWindow {}]
Capabilities {acceptInsecureCerts: true, browserName: firefox, browserVersion: 101.0.1, javascriptEnabled: true, moz:accessibilityChecks: false, moz:buildID: 20220608170832, moz:debuggerAddress: localhost:55826, moz:geckodriverVersion: 0.30.0, moz:headless: false, moz:processID: 30156, moz:profile: C:\Users\nidhi\AppData\Loca..., moz:shutdownTimeout: 60000, moz:useNonSpecCompliantPointerOrigin: false, moz:webdriverClick: true, pageLoadStrategy: normal, platform: WINDOWS, platformName: WINDOWS, platformVersion: 10.0, proxy: Proxy(), se:cdp: ws://localhost:55826/devtoo..., se:cdpVersion: 85, setWindowRect: true, strictFileInteractability: false, timeouts: {implicit: 0, pageLoad: 300000, script: 30000}, unhandledPromptBehavior: dismiss and notify}
Session ID: 164789a1-b0a2-402c-b678-e1756da3b78f">
                <![CDATA[org.openqa.selenium.NoSuchWindowException: Browsing context has been discarded
Build info: version: '4.0.0', revision: '3a21814679'
System info: host: 'NIDHISHAH', ip: '10.0.0.153', os.name: 'Windows 11', os.arch: 'amd64', os.version: '10.0', java.version: '1.8.0_321'
Driver info: org.openqa.selenium.firefox.FirefoxDriver
Command: [164789a1-b0a2-402c-b678-e1756da3b78f, maximizeCurrentWindow {}]
Capabilities {acceptInsecureCerts: true, browserName: firefox, browserVersion: 101.0.1, javascriptEnabled: true, moz:accessibilityChecks: false, moz:buildID: 20220608170832, moz:debuggerAddress: localhost:55826, moz:geckodriverVersion: 0.30.0, moz:headless: false, moz:processID: 30156, moz:profile: C:\Users\nidhi\AppData\Loca..., moz:shutdownTimeout: 60000, moz:useNonSpecCompliantPointerOrigin: false, moz:webdriverClick: true, pageLoadStrategy: normal, platform: WINDOWS, platformName: WINDOWS, platformVersion: 10.0, proxy: Proxy(), se:cdp: ws://localhost:55826/devtoo..., se:cdpVersion: 85, setWindowRect: true, strictFileInteractability: false, timeouts: {implicit: 0, pageLoad: 300000, script: 30000}, unhandledPromptBehavior: dismiss and notify}
Session ID: 164789a1-b0a2-402c-b678-e1756da3b78f
                sun.reflect.NativeConstructorAccessorImpl.newInstance0(Native Method)sun.reflect.NativeConstructorAccessorImpl.newInstance(NativeConstructorAccessorImpl.java:62)sun.reflect.DelegatingConstructorAccessorImpl.newInstance(DelegatingConstructorAccessorImpl.java:45)java.lang.reflect.Constructor.newInstance(Constructor.java:423)org.openqa.selenium.remote.codec.w3c.W3CHttpResponseCodec.createException(W3CHttpResponseCodec.java:200)org.openqa.selenium.remote.codec.w3c.W3CHttpResponseCodec.decode(W3CHttpResponseCodec.java:133)org.openqa.selenium.remote.codec.w3c.W3CHttpResponseCodec.decode(W3CHttpResponseCodec.java:53)org.openqa.selenium.remote.HttpCommandExecutor.execute(HttpCommandExecutor.java:184)org.openqa.selenium.remote.service.DriverCommandExecutor.invokeExecute(DriverCommandExecutor.java:164)org.openqa.selenium.remote.service.DriverCommandExecutor.execute(DriverCommandExecutor.java:139)org.openqa.selenium.remote.RemoteWebDriver.execute(RemoteWebDriver.java:559)org.openqa.selenium.remote.RemoteWebDriver.execute(RemoteWebDriver.java:614)org.openqa.selenium.remote.RemoteWebDriver.execute(RemoteWebDriver.java:618)org.openqa.selenium.remote.RemoteWebDriver$RemoteWebDriverOptions$RemoteWindow.maximize(RemoteWebDriver.java:928)org.example.automationpractise.testcases.Product_Details_TestCases.SetUp(Product_Details_TestCases.java:36)sun.reflect.NativeMethodAccessorImpl.invoke0(Native Method)sun.reflect.NativeMethodAccessorImpl.invoke(NativeMethodAccessorImpl.java:62)sun.reflect.DelegatingMethodAccessorImpl.invoke(DelegatingMethodAccessorImpl.java:43)java.lang.reflect.Method.invoke(Method.java:498)org.testng.internal.MethodInvocationHelper.invokeMethod(MethodInvocationHelper.java:124)org.testng.internal.MethodInvocationHelper.invokeMethodConsideringTimeout(MethodInvocationHelper.java:59)org.testng.internal.Invoker.invokeConfigurationMethod(Invoker.java:458)org.testng.internal.Invoker.invokeConfigurations(Invoker.java:222)org.testng.internal.Invoker.invokeConfigurations(Invoker.java:142)org.testng.internal.TestMethodWorker.invokeBeforeClassMethods(TestMethodWorker.java:168)org.testng.internal.TestMethodWorker.run(TestMethodWorker.java:105)org.testng.TestRunner.privateRun(TestRunner.java:648)org.testng.TestRunner.run(TestRunner.java:505)org.testng.SuiteRunner.runTest(SuiteRunner.java:455)org.testng.SuiteRunner.runSequentially(SuiteRunner.java:450)org.testng.SuiteRunner.privateRun(SuiteRunner.java:415)org.testng.SuiteRunner.run(SuiteRunner.java:364)org.testng.SuiteRunnerWorker.runSuite(SuiteRunnerWorker.java:52)org.testng.SuiteRunnerWorker.run(SuiteRunnerWorker.java:84)org.testng.TestNG.runSuitesSequentially(TestNG.java:1208)org.testng.TestNG.runSuitesLocally(TestNG.java:1137)org.testng.TestNG.runSuites(TestNG.java:1049)org.testng.TestNG.run(TestNG.java:1017)com.intellij.rt.testng.IDEARemoteTestNG.run(IDEARemoteTestNG.java:66)com.intellij.rt.testng.RemoteTestNGStarter.main(RemoteTestNGStarter.java:109)
]]>
            </failure>
    </testcase>

            <testcase
                name="recordSuccess"
                time="0.0"
                classname="org.example.automationpractise.testcases.Product_Details_TestCases">
            </testcase>
            <testcase
                name="recordSuccess"
                time="0.0"
                classname="org.example.automationpractise.testcases.Product_Details_TestCases">
            </testcase>
            <testcase
                name="closeBrowser"
                time="0.0"
                classname="org.example.automationpractise.testcases.Product_Details_TestCases">
            </testcase>
            <testcase
                name="recordSuccess"
                time="0.0"
                classname="org.example.automationpractise.testcases.Product_Details_TestCases">
            </testcase>
            <testcase
                name="recordSuccess"
                time="0.0"
                classname="org.example.automationpractise.testcases.Product_Details_TestCases">
            </testcase>
            <testcase
                name="tc07_selectSizeandColor"
                time="0.0"
                classname="org.example.automationpractise.testcases.Product_Details_TestCases">
            </testcase>
            <testcase
                name="tc06_seeProductPage"
                time="0.0"
                classname="org.example.automationpractise.testcases.Product_Details_TestCases">
            </testcase>
            <testcase
                name="tc08_changeQty"
                time="0.0"
                classname="org.example.automationpractise.testcases.Product_Details_TestCases">
            </testcase>
            <testcase
                name="tc09_addTOCart"
                time="0.0"
                classname="org.example.automationpractise.testcases.Product_Details_TestCases">
            </testcase>

</testsuite>
